<?xml version="1.0" encoding="UTF-8"?>
<testsuite xmlns:xsi="http://www.w3.org/2001/XMLSchema-instance" xsi:noNamespaceSchemaLocation="https://maven.apache.org/surefire/maven-surefire-plugin/xsd/surefire-test-report-3.0.xsd" version="3.0" name="com.example.demo.MvcExerciseApplicationTests" time="4.055" tests="1" errors="0" skipped="0" failures="0">
  <properties>
[...]
</properties>
  <testcase name="contextLoads" classname="com.example.demo.MvcExerciseApplicationTests" time="1.012">
    <system-out><![CDATA[16:40:34.420 [main] INFO org.springframework.test.context.support.AnnotationConfigContextLoaderUtils -- Could not detect default configuration classes for test class [com.example.demo.MvcExerciseApplicationTests]: MvcExerciseApplicationTests does not declare any static, non-private, non-final, nested classes annotated with @Configuration.
16:40:34.587 [main] INFO org.springframework.boot.test.context.SpringBootTestContextBootstrapper -- Found @SpringBootConfiguration com.example.demo.MvcExerciseApplication for test class com.example.demo.MvcExerciseApplicationTests

  .   ____          _            __ _ _
 /\\ / ___'_ __ _ _(_)_ __  __ _ \ \ \ \
( ( )\___ | '_ | '_| | '_ \/ _` | \ \ \ \
 \\/  ___)| |_)| | | | | || (_| |  ) ) ) )
  '  |____| .__|_| |_|_| |_\__, | / / / /
 =========|_|==============|___/=/_/_/_/
 :: Spring Boot ::                (v3.2.6)

2025-05-23T16:40:35.110+08:00  INFO 34684 --- [MVC-Exercise] [           main] c.e.demo.MvcExerciseApplicationTests     : Starting MvcExerciseApplicationTests using Java 21.0.7 with PID 34684 (started by ralph.estonio in d:\WCMS\Exercise\MVC-Springboot)
2025-05-23T16:40:35.111+08:00  INFO 34684 --- [MVC-Exercise] [           main] c.e.demo.MvcExerciseApplicationTests     : No active profile set, falling back to 1 default profile: "default"
2025-05-23T16:40:36.985+08:00  INFO 34684 --- [MVC-Exercise] [           main] o.s.b.a.e.web.EndpointLinksResolver      : Exposing 1 endpoint(s) beneath base path '/actuator'
2025-05-23T16:40:37.041+08:00  INFO 34684 --- [MVC-Exercise] [           main] c.e.demo.MvcExerciseApplicationTests     : Started MvcExerciseApplicationTests in 2.267 seconds (process running for 3.6)
]]></system-out>
    <system-err><![CDATA[WARNING: A Java agent has been loaded dynamically (C:\Users\ralph.estonio\.m2\repository\net\bytebuddy\byte-buddy-agent\1.14.16\byte-buddy-agent-1.14.16.jar)
WARNING: If a serviceability tool is in use, please run with -XX:+EnableDynamicAgentLoading to hide this warning
WARNING: If a serviceability tool is not in use, please run with -Djdk.instrument.traceUsage for more information
WARNING: Dynamic loading of agents will be disallowed by default in a future release
]]></system-err>
  </testcase>
</testsuite>